<?xml version="1.0" encoding="UTF-8" standalone="yes" ?>
<test-results name="D:\Projetos\ProvaDelphi\spComponentes\test\Bin\spComponentesTest.exe" total="7" errors="0" failures="0" ignored="0" inconclusive="0" not-run="0" skipped="0" invalid="0" date="2021-01-24" time="0.040">
  <culture-info current-culture="en" current-uiculture="en" />
  <test-suite type="Assembly" name="spComponentesTest.exe" executed="true" result="Success" success="True" time="0.040" asserts="0">
    <results>
        <test-suite type="Namespace" name="uTestspQuery" executed="true" result="Success" success="True" time="0.040" asserts="0" >
          <results>
              <test-suite type="Fixture" name="TTestspQuery" executed="True" result="Success" success="True" time="0.040" >
                <results>
                  <test-case name="GeraSQL" executed="True" result="Success" success="True" time="0.004" asserts="0" />
                  <test-case name="GeraSQL_semColunas" executed="True" result="Success" success="True" time="0.001" asserts="0" />
                  <test-case name="GeraSQL_semColunas_semCondicoes" executed="True" result="Success" success="True" time="0.000" asserts="0" />
                  <test-case name="GeraSQL_semColunas_semCondicoes_semTabela" executed="True" result="Success" success="True" time="0.008" asserts="0" />
                  <test-case name="ExceptionspTabelas" executed="True" result="Success" success="True" time="0.021" asserts="0" />
                  <test-case name="Clear" executed="True" result="Success" success="True" time="0.000" asserts="0" />
                  <test-case name="SetProperties" executed="True" result="Success" success="True" time="0.002" asserts="0" />
                </results>
              </test-suite>
          </results>
        </test-suite>
    </results>
  </test-suite>
</test-results>
